<?xml version="1.0" encoding="UTF-8"?>
<!-- Generated by org.testng.reporters.JUnitReportReporter -->
<testsuite skipped="0" hostname="CAP-LAP-719" name="Test.Day2" tests="1" failures="0" timestamp="18 Sep 2018 06:42:39 GMT" time="0.008" errors="0">
  <testcase name="logout" time="0.008" classname="Test.Day2"/>
</testsuite> <!-- Test.Day2 -->
